<?xml version="1.0" encoding="UTF-8"?>
<!-- Generated by org.testng.reporters.JUnitXMLReporter -->
<testsuite ignored="0" hostname="ITWS13" failures="0" tests="5" name="Surefire test" time="0.073" errors="0" timestamp="2023-11-07T14:30:15 IST">
  <testcase classname="vamsi.UserValidationTest" name="testCase1" time="0.02"/>
  <testcase classname="vamsi.UserValidationTest" name="testCase2" time="0.001"/>
  <testcase classname="vamsi.UserValidationTest" name="testCase3" time="0.0"/>
  <testcase classname="vamsi.UserValidationTest" name="testCase4" time="0.0"/>
  <testcase classname="vamsi.UserValidationTest" name="testCase5" time="0.001"/>
</testsuite> <!-- Surefire test -->
